0 info it worked if it ends with ok
1 verbose cli [ 'C:\\Program Files\\nodejs\\node.exe',
1 verbose cli   'C:\\Program Files\\nodejs\\node_modules\\npm\\bin\\npm-cli.js',
1 verbose cli   'install',
1 verbose cli   '-g',
1 verbose cli   'bower' ]
2 info using npm@4.1.2
3 info using node@v7.7.3
4 silly loadCurrentTree Starting
5 silly install loadCurrentTree
6 silly install readGlobalPackageData
7 silly fetchPackageMetaData bower
8 silly fetchOtherPackageData bower
9 silly cache add args [ 'bower', null ]
10 verbose cache add spec bower
11 silly cache add parsed spec Result {
11 silly cache add   raw: 'bower',
11 silly cache add   scope: null,
11 silly cache add   escapedName: 'bower',
11 silly cache add   name: null,
11 silly cache add   rawSpec: 'bower',
11 silly cache add   spec: 'C:\\Users\\salit.s\\Desktop\\Copacabana-hackathon\\FrontEnd\\bower',
11 silly cache add   type: 'local' }
12 silly addLocalTarball shasum (computed) da39a3ee5e6b4b0d3255bfef95601890afd80709
13 verbose addTmpTarball C:\Users\salit.s\Desktop\Copacabana-hackathon\FrontEnd\bower not in flight; adding
14 verbose correctMkdir C:\Users\salit.s\AppData\Roaming\npm-cache correctMkdir not in flight; initializing
15 verbose addTmpTarball validating metadata from C:\Users\salit.s\Desktop\Copacabana-hackathon\FrontEnd\bower
16 verbose tar unpack C:\Users\salit.s\Desktop\Copacabana-hackathon\FrontEnd\bower
17 verbose tar unpacking to C:\Users\salit.s\AppData\Local\Temp\npm-8984-30713b78\unpack-280f3165
18 silly gentlyRm C:\Users\salit.s\AppData\Local\Temp\npm-8984-30713b78\unpack-280f3165 is being purged
19 verbose gentlyRm don't care about contents; nuking C:\Users\salit.s\AppData\Local\Temp\npm-8984-30713b78\unpack-280f3165
20 silly gunzTarPerm modes [ '777', '666' ]
21 error tar.unpack error reading C:\Users\salit.s\Desktop\Copacabana-hackathon\FrontEnd\bower
22 error addLocal Could not install C:\Users\salit.s\Desktop\Copacabana-hackathon\FrontEnd\bower
23 silly fetchPackageMetaData Error: 0-byte tarball
23 silly fetchPackageMetaData Please run `npm cache clean`
23 silly fetchPackageMetaData     at C:\Program Files\nodejs\node_modules\npm\lib\utils\tar.js:287:14
23 silly fetchPackageMetaData     at C:\Program Files\nodejs\node_modules\npm\node_modules\graceful-fs\polyfills.js:287:18
23 silly fetchPackageMetaData     at FSReqWrap.oncomplete (fs.js:114:15)
23 silly fetchPackageMetaData  error for bower Error: 0-byte tarball
23 silly fetchPackageMetaData Please run `npm cache clean`
23 silly fetchPackageMetaData     at C:\Program Files\nodejs\node_modules\npm\lib\utils\tar.js:287:14
23 silly fetchPackageMetaData     at C:\Program Files\nodejs\node_modules\npm\node_modules\graceful-fs\polyfills.js:287:18
23 silly fetchPackageMetaData     at FSReqWrap.oncomplete (fs.js:114:15)
24 silly rollbackFailedOptional Starting
25 verbose stack TypeError: Cannot read property 'path' of null
25 verbose stack     at Installer.rollbackFailedOptional (C:\Program Files\nodejs\node_modules\npm\lib\install.js:511:29)
25 verbose stack     at Array.<anonymous> (C:\Program Files\nodejs\node_modules\npm\node_modules\slide\lib\bind-actor.js:15:8)
25 verbose stack     at LOOP (C:\Program Files\nodejs\node_modules\npm\node_modules\slide\lib\chain.js:15:14)
25 verbose stack     at C:\Program Files\nodejs\node_modules\npm\node_modules\slide\lib\chain.js:18:7
25 verbose stack     at C:\Program Files\nodejs\node_modules\npm\lib\install.js:337:5
25 verbose stack     at Array.<anonymous> (C:\Program Files\nodejs\node_modules\npm\node_modules\slide\lib\bind-actor.js:15:8)
25 verbose stack     at LOOP (C:\Program Files\nodejs\node_modules\npm\node_modules\slide\lib\chain.js:15:14)
25 verbose stack     at chain (C:\Program Files\nodejs\node_modules\npm\node_modules\slide\lib\chain.js:20:5)
25 verbose stack     at C:\Program Files\nodejs\node_modules\npm\lib\install.js:294:5
25 verbose stack     at C:\Program Files\nodejs\node_modules\npm\node_modules\slide\lib\chain.js:16:22
26 verbose cwd C:\Users\salit.s\Desktop\Copacabana-hackathon\FrontEnd
27 error Windows_NT 6.3.9600
28 error argv "C:\\Program Files\\nodejs\\node.exe" "C:\\Program Files\\nodejs\\node_modules\\npm\\bin\\npm-cli.js" "install" "-g" "bower"
29 error node v7.7.3
30 error npm  v4.1.2
31 error Cannot read property 'path' of null
32 error If you need help, you may report this error at:
32 error     <https://github.com/npm/npm/issues>
33 verbose exit [ 1, true ]
